<?xml version="1.0" encoding="UTF-8"?>
<!-- Generated by org.testng.reporters.JUnitReportReporter -->
<testsuite hostname="DESKTOP-K0L469T" failures="0" tests="3" name="Test.Planit_Test_Execution" time="100.785" errors="0" timestamp="2025-04-24T02:54:33 AEST" skipped="0">
  <testcase classname="Test.Planit_Test_Execution" name="validatecontactFields" time="31.278"/>
  <testcase classname="Test.Planit_Test_Execution" name="submit_form" time="68.107"/>
  <testcase classname="Test.Planit_Test_Execution" name="buy_item" time="1.400"/>
</testsuite> <!-- Test.Planit_Test_Execution -->
