<?xml version="1.0" encoding="UTF-8"?>
<!-- Generated by org.testng.reporters.JUnitReportReporter -->
<testsuite hostname="DESKTOP-K0L469T" failures="0" tests="1" name="Test.Iframe" time="31.172" errors="0" timestamp="2025-04-23T03:05:25 AEST" skipped="0">
  <testcase classname="Test.Iframe" name="validatecontactFields" time="31.172"/>
  <system-out/>
</testsuite> <!-- Test.Iframe -->
